This is pdfTeX, Version 3.14159265-2.6-1.40.20 (TeX Live 2019) (preloaded format=pdflatex 2019.6.7)  13 NOV 2020 16:09
entering extended mode
 restricted \write18 enabled.
 file:line:error style messages enabled.
 %&-line parsing enabled.
**problem_3.tex
(./problem_3.tex
LaTeX2e <2018-12-01>
./problem_3.tex:1: Undefined control sequence.
l.1 \section
            *{Problem 3}
The control sequence at the end of the top line
of your error message was never \def'ed. If you have
misspelled it (e.g., `\hobx'), type `I' and the correct
spelling (e.g., `I\hbox'). Otherwise just continue,
and I'll forget about whatever was undefined.


./problem_3.tex:1: LaTeX Error: Missing \begin{document}.

See the LaTeX manual or LaTeX Companion for explanation.
Type  H <return>  for immediate help.
 ...                                              
                                                  
l.1 \section*
             {Problem 3}
You're in trouble here.  Try typing  <return>  to proceed.
If that doesn't work, type  X <return>  to quit.

Missing character: There is no * in font nullfont!
Missing character: There is no P in font nullfont!
Missing character: There is no r in font nullfont!
Missing character: There is no o in font nullfont!
Missing character: There is no b in font nullfont!
Missing character: There is no l in font nullfont!
Missing character: There is no e in font nullfont!
Missing character: There is no m in font nullfont!
Missing character: There is no 3 in font nullfont!

Overfull \hbox (20.0pt too wide) in paragraph at lines 1--2
[]
 []


./problem_3.tex:4: LaTeX Error: Missing \begin{document}.

See the LaTeX manual or LaTeX Companion for explanation.
Type  H <return>  for immediate help.
 ...                                              
                                                  
l.4 W
     e want to maximise $\text{Tr}(Y^T W W^T Y) \text{ w.r.t. } W$ where $W$...
You're in trouble here.  Try typing  <return>  to proceed.
If that doesn't work, type  X <return>  to quit.

Missing character: There is no W in font nullfont!
Missing character: There is no e in font nullfont!
Missing character: There is no w in font nullfont!
Missing character: There is no a in font nullfont!
Missing character: There is no n in font nullfont!
Missing character: There is no t in font nullfont!
Missing character: There is no t in font nullfont!
Missing character: There is no o in font nullfont!
Missing character: There is no m in font nullfont!
Missing character: There is no a in font nullfont!
Missing character: There is no x in font nullfont!
Missing character: There is no i in font nullfont!
Missing character: There is no m in font nullfont!
Missing character: There is no i in font nullfont!
Missing character: There is no s in font nullfont!
Missing character: There is no e in font nullfont!
LaTeX Font Info:    External font `cmex10' loaded for size
(Font)              <7> on input line 4.
LaTeX Font Info:    External font `cmex10' loaded for size
(Font)              <5> on input line 4.
./problem_3.tex:4: Undefined control sequence.
<recently read> \text 
                      
l.4 We want to maximise $\text
                              {Tr}(Y^T W W^T Y) \text{ w.r.t. } W$ where $W$...
The control sequence at the end of the top line
of your error message was never \def'ed. If you have
misspelled it (e.g., `\hobx'), type `I' and the correct
spelling (e.g., `I\hbox'). Otherwise just continue,
and I'll forget about whatever was undefined.

./problem_3.tex:4: Undefined control sequence.
l.4 ...t to maximise $\text{Tr}(Y^T W W^T Y) \text
                                                  { w.r.t. } W$ where $W$ is...
The control sequence at the end of the top line
of your error message was never \def'ed. If you have
misspelled it (e.g., `\hobx'), type `I' and the correct
spelling (e.g., `I\hbox'). Otherwise just continue,
and I'll forget about whatever was undefined.

Missing character: There is no w in font nullfont!
Missing character: There is no h in font nullfont!
Missing character: There is no e in font nullfont!
Missing character: There is no r in font nullfont!
Missing character: There is no e in font nullfont!
Missing character: There is no i in font nullfont!
Missing character: There is no s in font nullfont!
Missing character: There is no a in font nullfont!
Missing character: There is no n in font nullfont!
Missing character: There is no y in font nullfont!
Missing character: There is no o in font nullfont!
Missing character: There is no r in font nullfont!
Missing character: There is no t in font nullfont!
Missing character: There is no h in font nullfont!
Missing character: There is no o in font nullfont!
Missing character: There is no g in font nullfont!
Missing character: There is no o in font nullfont!
Missing character: There is no n in font nullfont!
Missing character: There is no a in font nullfont!
Missing character: There is no l in font nullfont!
Missing character: There is no m in font nullfont!
Missing character: There is no a in font nullfont!
Missing character: There is no t in font nullfont!
Missing character: There is no r in font nullfont!
Missing character: There is no i in font nullfont!
Missing character: There is no x in font nullfont!
Missing character: There is no a in font nullfont!
Missing character: There is no n in font nullfont!
Missing character: There is no d in font nullfont!
./problem_3.tex:4: Undefined control sequence.
l.4 ...is any orthogonal matrix and $Y \in \mathbb
                                                  {R}^{d \times n} $. We beg...
The control sequence at the end of the top line
of your error message was never \def'ed. If you have
misspelled it (e.g., `\hobx'), type `I' and the correct
spelling (e.g., `I\hbox'). Otherwise just continue,
and I'll forget about whatever was undefined.

Missing character: There is no . in font nullfont!
Missing character: There is no W in font nullfont!
Missing character: There is no e in font nullfont!
Missing character: There is no b in font nullfont!
Missing character: There is no e in font nullfont!
Missing character: There is no g in font nullfont!
Missing character: There is no i in font nullfont!
Missing character: There is no n in font nullfont!
Missing character: There is no b in font nullfont!
Missing character: There is no y in font nullfont!
Missing character: There is no e in font nullfont!
Missing character: There is no x in font nullfont!
Missing character: There is no p in font nullfont!
Missing character: There is no r in font nullfont!
Missing character: There is no e in font nullfont!
Missing character: There is no s in font nullfont!
Missing character: There is no s in font nullfont!
Missing character: There is no i in font nullfont!
Missing character: There is no n in font nullfont!
Missing character: There is no g in font nullfont!
Missing character: There is no i in font nullfont!
Missing character: There is no n in font nullfont!
Missing character: There is no t in font nullfont!
Missing character: There is no e in font nullfont!
Missing character: There is no r in font nullfont!
Missing character: There is no m in font nullfont!
Missing character: There is no s in font nullfont!
Missing character: There is no o in font nullfont!
Missing character: There is no f in font nullfont!
Missing character: There is no i in font nullfont!
Missing character: There is no t in font nullfont!
Missing character: There is no s in font nullfont!
Missing character: There is no S in font nullfont!
Missing character: There is no V in font nullfont!
Missing character: There is no D in font nullfont!
Missing character: There is no : in font nullfont!
Missing character: There is no . in font nullfont!
Missing character: There is no S in font nullfont!
Missing character: There is no u in font nullfont!
Missing character: There is no b in font nullfont!
Missing character: There is no s in font nullfont!
Missing character: There is no t in font nullfont!
Missing character: There is no i in font nullfont!
Missing character: There is no t in font nullfont!
Missing character: There is no u in font nullfont!
Missing character: There is no t in font nullfont!
Missing character: There is no i in font nullfont!
Missing character: There is no n in font nullfont!
Missing character: There is no g in font nullfont!
Missing character: There is no t in font nullfont!
Missing character: There is no h in font nullfont!
Missing character: There is no i in font nullfont!
Missing character: There is no s in font nullfont!
Missing character: There is no i in font nullfont!
Missing character: There is no n in font nullfont!
Missing character: There is no t in font nullfont!
Missing character: There is no o in font nullfont!
Missing character: There is no t in font nullfont!
Missing character: There is no h in font nullfont!
Missing character: There is no e in font nullfont!
Missing character: There is no t in font nullfont!
Missing character: There is no r in font nullfont!
Missing character: There is no a in font nullfont!
Missing character: There is no c in font nullfont!
Missing character: There is no e in font nullfont!
Missing character: There is no e in font nullfont!
Missing character: There is no x in font nullfont!
Missing character: There is no p in font nullfont!
Missing character: There is no r in font nullfont!
Missing character: There is no e in font nullfont!
Missing character: There is no s in font nullfont!
Missing character: There is no s in font nullfont!
Missing character: There is no i in font nullfont!
Missing character: There is no o in font nullfont!
Missing character: There is no n in font nullfont!
Missing character: There is no y in font nullfont!
Missing character: There is no i in font nullfont!
Missing character: There is no e in font nullfont!
Missing character: There is no l in font nullfont!
Missing character: There is no d in font nullfont!
Missing character: There is no s in font nullfont!
Missing character: There is no t in font nullfont!
Missing character: There is no h in font nullfont!
Missing character: There is no e in font nullfont!
Missing character: There is no f in font nullfont!
Missing character: There is no o in font nullfont!
Missing character: There is no l in font nullfont!
Missing character: There is no l in font nullfont!
Missing character: There is no o in font nullfont!
Missing character: There is no w in font nullfont!
Missing character: There is no i in font nullfont!
Missing character: There is no n in font nullfont!
Missing character: There is no g in font nullfont!
Missing character: There is no : in font nullfont!

Overfull \hbox (20.0pt too wide) in paragraph at lines 4--5
[]
 []


Overfull \hbox (104.56126pt too wide) in paragraph at lines 4--5
[]\OT1/cmr/m/n/10 (\OML/cmm/m/it/10 Y[]WW[]Y\OT1/cmr/m/n/10 )[]\OML/cmm/m/it/10 W$
 []


Overfull \hbox (10.83334pt too wide) in paragraph at lines 4--5
\OML/cmm/m/it/10 W$
 []


Overfull \hbox (17.47218pt too wide) in paragraph at lines 4--5
\OML/cmm/m/it/10 Y \OMS/cmsy/m/n/10 2
 []


Overfull \hbox (23.52637pt too wide) in paragraph at lines 4--5
\OML/cmm/m/it/10 R[]$
 []


Overfull \hbox (8.02779pt too wide) in paragraph at lines 4--5
\OML/cmm/m/it/10 Y$
 []


Overfull \hbox (18.5833pt too wide) in paragraph at lines 4--5
\OML/cmm/m/it/10 Y \OT1/cmr/m/n/10 =
 []


Overfull \hbox (40.05098pt too wide) in paragraph at lines 4--5
\OML/cmm/m/it/10 U\OT1/cmr/m/n/10 ^^F\OML/cmm/m/it/10 V[] \OT1/cmr/m/n/10 =
 []


Overfull \hbox (55.27948pt too wide) in paragraph at lines 4--5
[][] \OML/cmm/m/it/10 ^^[[]u[]v[]$
 []


./problem_3.tex:6: LaTeX Error: Environment align undefined.

See the LaTeX manual or LaTeX Companion for explanation.
Type  H <return>  for immediate help.
 ...                                              
                                                  
l.6 \begin{align}
                 
Your command was ignored.
Type  I <command> <return>  to replace it with another command,
or  <return>  to continue without it.

./problem_3.tex:7: Misplaced alignment tab character &.
l.7   &
        \text{Tr}(Y^T W W^T Y) = \text{Tr}(\sum_{i = 1}^d \sigma_i v_i u_i^T...
I can't figure out why you would want to use a tab mark
here. If you just want an ampersand, the remedy is
simple: Just type `I\&' now. But if some right brace
up above has ended a previous alignment prematurely,
you're probably due for more error messages, and you
might try typing `S' now just to see what is salvageable.

./problem_3.tex:7: Undefined control sequence.
l.7   & \text
             {Tr}(Y^T W W^T Y) = \text{Tr}(\sum_{i = 1}^d \sigma_i v_i u_i^T...
The control sequence at the end of the top line
of your error message was never \def'ed. If you have
misspelled it (e.g., `\hobx'), type `I' and the correct
spelling (e.g., `I\hbox'). Otherwise just continue,
and I'll forget about whatever was undefined.


./problem_3.tex:7: LaTeX Error: Missing \begin{document}.

See the LaTeX manual or LaTeX Companion for explanation.
Type  H <return>  for immediate help.
 ...                                              
                                                  
l.7   & \text{T
               r}(Y^T W W^T Y) = \text{Tr}(\sum_{i = 1}^d \sigma_i v_i u_i^T...
You're in trouble here.  Try typing  <return>  to proceed.
If that doesn't work, type  X <return>  to quit.

Missing character: There is no T in font nullfont!
Missing character: There is no r in font nullfont!
Missing character: There is no ( in font nullfont!
Missing character: There is no Y in font nullfont!
./problem_3.tex:7: Missing $ inserted.
<inserted text> 
                $
l.7   & \text{Tr}(Y^
                    T W W^T Y) = \text{Tr}(\sum_{i = 1}^d \sigma_i v_i u_i^T...
I've inserted a begin-math/end-math symbol since I think
you left one out. Proceed, with fingers crossed.

./problem_3.tex:7: Undefined control sequence.
l.7   & \text{Tr}(Y^T W W^T Y) = \text
                                      {Tr}(\sum_{i = 1}^d \sigma_i v_i u_i^T...
The control sequence at the end of the top line
of your error message was never \def'ed. If you have
misspelled it (e.g., `\hobx'), type `I' and the correct
spelling (e.g., `I\hbox'). Otherwise just continue,
and I'll forget about whatever was undefined.

./problem_3.tex:8: Misplaced alignment tab character &.
<recently read> &
                 
l.8   &
        = \text{Tr}(\sum_{i = 1}^d \sum_{j = 1}^d \sigma_i \sigma_j v_i u_i^...
I can't figure out why you would want to use a tab mark
here. If you just want an ampersand, the remedy is
simple: Just type `I\&' now. But if some right brace
up above has ended a previous alignment prematurely,
you're probably due for more error messages, and you
might try typing `S' now just to see what is salvageable.

./problem_3.tex:8: Undefined control sequence.
l.8   & = \text
               {Tr}(\sum_{i = 1}^d \sum_{j = 1}^d \sigma_i \sigma_j v_i u_i^...
The control sequence at the end of the top line
of your error message was never \def'ed. If you have
misspelled it (e.g., `\hobx'), type `I' and the correct
spelling (e.g., `I\hbox'). Otherwise just continue,
and I'll forget about whatever was undefined.

./problem_3.tex:8: Undefined control sequence.
l.8 ... u_j v_j^T) = \bigg\{ u_i^T W W^T u_j \text
                                                  { is a scalar } \bigg\} \\
The control sequence at the end of the top line
of your error message was never \def'ed. If you have
misspelled it (e.g., `\hobx'), type `I' and the correct
spelling (e.g., `I\hbox'). Otherwise just continue,
and I'll forget about whatever was undefined.

./problem_3.tex:9: Misplaced alignment tab character &.
<recently read> &
                 
l.9   &
        = \sum_{i = 1}^d \sum_{j = 1}^d \sigma_i \sigma_j  u_i^T W W^T u_j \...
I can't figure out why you would want to use a tab mark
here. If you just want an ampersand, the remedy is
simple: Just type `I\&' now. But if some right brace
up above has ended a previous alignment prematurely,
you're probably due for more error messages, and you
might try typing `S' now just to see what is salvageable.

./problem_3.tex:9: Undefined control sequence.
l.9 ...^d \sigma_i \sigma_j  u_i^T W W^T u_j \text
                                                  {Tr} (v_i v_j^T) \\
The control sequence at the end of the top line
of your error message was never \def'ed. If you have
misspelled it (e.g., `\hobx'), type `I' and the correct
spelling (e.g., `I\hbox'). Otherwise just continue,
and I'll forget about whatever was undefined.

./problem_3.tex:11: Misplaced alignment tab character &.
<recently read> &
                 
l.11   &
         = \bigg\{ \text{Using that Tr}(v_i v_j^T) = v_j^T v_i = 1, i = j, 0...
I can't figure out why you would want to use a tab mark
here. If you just want an ampersand, the remedy is
simple: Just type `I\&' now. But if some right brace
up above has ended a previous alignment prematurely,
you're probably due for more error messages, and you
might try typing `S' now just to see what is salvageable.

./problem_3.tex:11: Undefined control sequence.
l.11   & = \bigg\{ \text
                        {Using that Tr}(v_i v_j^T) = v_j^T v_i = 1, i = j, 0...
The control sequence at the end of the top line
of your error message was never \def'ed. If you have
misspelled it (e.g., `\hobx'), type `I' and the correct
spelling (e.g., `I\hbox'). Otherwise just continue,
and I'll forget about whatever was undefined.

./problem_3.tex:11: Undefined control sequence.
l.11 ...v_i v_j^T) = v_j^T v_i = 1, i = j, 0 \text
                                                  { otherwise} \bigg\} \\
The control sequence at the end of the top line
of your error message was never \def'ed. If you have
misspelled it (e.g., `\hobx'), type `I' and the correct
spelling (e.g., `I\hbox'). Otherwise just continue,
and I'll forget about whatever was undefined.

./problem_3.tex:12: Misplaced alignment tab character &.
<recently read> &
                 
l.12   &
         = \sum_{i = 1}^d\sigma_i^2 u_i^T W W^T u_i = \sum_{i = 1}^d\sum_{i ...
I can't figure out why you would want to use a tab mark
here. If you just want an ampersand, the remedy is
simple: Just type `I\&' now. But if some right brace
up above has ended a previous alignment prematurely,
you're probably due for more error messages, and you
might try typing `S' now just to see what is salvageable.


./problem_3.tex:13: LaTeX Error: \begin{document} ended by \end{align}.

See the LaTeX manual or LaTeX Companion for explanation.
Type  H <return>  for immediate help.
 ...                                              
                                                  
l.13 \end{align}
                
Your command was ignored.
Type  I <command> <return>  to replace it with another command,
or  <return>  to continue without it.

./problem_3.tex:13: Missing $ inserted.
<inserted text> 
                $
l.13 \end{align}
                
I've inserted something that you may have forgotten.
(See the <inserted text> above.)
With luck, this will get me unwedged. But if you
really didn't forget anything, try typing `2' now; then
my insertion and my current dilemma will both disappear.


Overfull \hbox (76.73819pt too wide) in paragraph at lines 7--14
[]$[]\OML/cmm/m/it/10 WW[]Y\OT1/cmr/m/n/10 ) =
 []


Overfull \hbox (162.2858pt too wide) in paragraph at lines 7--14
[]\OT1/cmr/m/n/10 ([][] \OML/cmm/m/it/10 ^^[[]v[]u[]WW[] [][] ^^[[]u[]v[]\OT1/cmr/m/n/10 )[] 
 []


Overfull \hbox (7.7778pt too wide) in paragraph at lines 7--14
\OT1/cmr/m/n/10 =
 []


Overfull \hbox (171.17468pt too wide) in paragraph at lines 7--14
[]\OT1/cmr/m/n/10 ([][] [][] \OML/cmm/m/it/10 ^^[[]^^[[]v[]u[]WW[]u[]v[]\OT1/cmr/m/n/10 ) =
 []


Overfull \hbox (105.90404pt too wide) in paragraph at lines 7--14
[]\OML/cmm/m/it/10 u[]WW[]u[][][][] 
 []


Overfull \hbox (7.7778pt too wide) in paragraph at lines 7--14
\OT1/cmr/m/n/10 =
 []


Overfull \hbox (160.61917pt too wide) in paragraph at lines 7--14
[][] [][] \OML/cmm/m/it/10 ^^[[]^^[[]u[]WW[]u[][]\OT1/cmr/m/n/10 (\OML/cmm/m/it/10 v[]v[]\OT1/cmr/m/n/10 )[] 
 []


Overfull \hbox (7.7778pt too wide) in paragraph at lines 7--14
\OT1/cmr/m/n/10 =
 []


Overfull \hbox (102.9887pt too wide) in paragraph at lines 7--14
[][]\OT1/cmr/m/n/10 (\OML/cmm/m/it/10 v[]v[]\OT1/cmr/m/n/10 ) =
 []


Overfull \hbox (30.23769pt too wide) in paragraph at lines 7--14
\OML/cmm/m/it/10 v[]v[] \OT1/cmr/m/n/10 =
 []


Overfull \hbox (23.44507pt too wide) in paragraph at lines 7--14
\OT1/cmr/m/n/10 1\OML/cmm/m/it/10 ; i \OT1/cmr/m/n/10 =
 []


Overfull \hbox (64.96208pt too wide) in paragraph at lines 7--14
\OML/cmm/m/it/10 j; \OT1/cmr/m/n/10 0[][][] 
 []


Overfull \hbox (7.7778pt too wide) in paragraph at lines 7--14
\OT1/cmr/m/n/10 =
 []


Overfull \hbox (95.83553pt too wide) in paragraph at lines 7--14
[][] \OML/cmm/m/it/10 ^^[[]u[]WW[]u[] \OT1/cmr/m/n/10 =
 []


Overfull \hbox (108.09085pt too wide) in paragraph at lines 7--14
[][] [][] \OML/cmm/m/it/10 ^^[[]u[]w[]w[]u[][] 
 []


./problem_3.tex:15: LaTeX Error: Missing \begin{document}.

See the LaTeX manual or LaTeX Companion for explanation.
Type  H <return>  for immediate help.
 ...                                              
                                                  
l.15 T
      hus is
You're in trouble here.  Try typing  <return>  to proceed.
If that doesn't work, type  X <return>  to quit.

Missing character: There is no T in font nullfont!
Missing character: There is no h in font nullfont!
Missing character: There is no u in font nullfont!
Missing character: There is no s in font nullfont!
Missing character: There is no i in font nullfont!
Missing character: There is no s in font nullfont!

Overfull \hbox (20.0pt too wide) in paragraph at lines 15--17
[]
 []


./problem_3.tex:18: LaTeX Error: Missing \begin{document}.

See the LaTeX manual or LaTeX Companion for explanation.
Type  H <return>  for immediate help.
 ...                                              
                                                  
l.18 \begin{equation}
                     
You're in trouble here.  Try typing  <return>  to proceed.
If that doesn't work, type  X <return>  to quit.


Overfull \hbox (20.0pt too wide) in paragraph at lines 18--18
[] 
 []

./problem_3.tex:19: Undefined control sequence.
l.19   \max_W \text
                   {Tr}(Y^T W W^T Y) = \max_{w_j, j = 1,..., k} \sum_{i = 1}...
The control sequence at the end of the top line
of your error message was never \def'ed. If you have
misspelled it (e.g., `\hobx'), type `I' and the correct
spelling (e.g., `I\hbox'). Otherwise just continue,
and I'll forget about whatever was undefined.


Overfull \hbox (236.38867pt too wide) detected at line 21
[] []\OT1/cmr/m/n/10 (\OML/cmm/m/it/10 Y[]WW[]Y\OT1/cmr/m/n/10 ) = [] [] [] \OML/cmm/m/it/10 ^^[[]u[]w[]w[]u[][]
 []


./problem_3.tex:23: LaTeX Error: Missing \begin{document}.

See the LaTeX manual or LaTeX Companion for explanation.
Type  H <return>  for immediate help.
 ...                                              
                                                  
l.23 S
      ince $k \leq d $ and $U$ is an orthogonal matrix, any vector $w_j, \, ...
You're in trouble here.  Try typing  <return>  to proceed.
If that doesn't work, type  X <return>  to quit.

Missing character: There is no S in font nullfont!
Missing character: There is no i in font nullfont!
Missing character: There is no n in font nullfont!
Missing character: There is no c in font nullfont!
Missing character: There is no e in font nullfont!
Missing character: There is no a in font nullfont!
Missing character: There is no n in font nullfont!
Missing character: There is no d in font nullfont!
Missing character: There is no i in font nullfont!
Missing character: There is no s in font nullfont!
Missing character: There is no a in font nullfont!
Missing character: There is no n in font nullfont!
Missing character: There is no o in font nullfont!
Missing character: There is no r in font nullfont!
Missing character: There is no t in font nullfont!
Missing character: There is no h in font nullfont!
Missing character: There is no o in font nullfont!
Missing character: There is no g in font nullfont!
Missing character: There is no o in font nullfont!
Missing character: There is no n in font nullfont!
Missing character: There is no a in font nullfont!
Missing character: There is no l in font nullfont!
Missing character: There is no m in font nullfont!
Missing character: There is no a in font nullfont!
Missing character: There is no t in font nullfont!
Missing character: There is no r in font nullfont!
Missing character: There is no i in font nullfont!
Missing character: There is no x in font nullfont!
Missing character: There is no , in font nullfont!
Missing character: There is no a in font nullfont!
Missing character: There is no n in font nullfont!
Missing character: There is no y in font nullfont!
Missing character: There is no v in font nullfont!
Missing character: There is no e in font nullfont!
Missing character: There is no c in font nullfont!
Missing character: There is no t in font nullfont!
Missing character: There is no o in font nullfont!
Missing character: There is no r in font nullfont!
Missing character: There is no c in font nullfont!
Missing character: There is no a in font nullfont!
Missing character: There is no n in font nullfont!
Missing character: There is no b in font nullfont!
Missing character: There is no e in font nullfont!
Missing character: There is no e in font nullfont!
Missing character: There is no x in font nullfont!
Missing character: There is no p in font nullfont!
Missing character: There is no r in font nullfont!
Missing character: There is no e in font nullfont!
Missing character: There is no s in font nullfont!
Missing character: There is no s in font nullfont!
Missing character: There is no e in font nullfont!
Missing character: There is no d in font nullfont!
Missing character: There is no i in font nullfont!
Missing character: There is no n in font nullfont!
Missing character: There is no t in font nullfont!
Missing character: There is no e in font nullfont!
Missing character: There is no r in font nullfont!
Missing character: There is no m in font nullfont!
Missing character: There is no s in font nullfont!
Missing character: There is no o in font nullfont!
Missing character: There is no f in font nullfont!
Missing character: There is no t in font nullfont!
Missing character: There is no h in font nullfont!
Missing character: There is no e in font nullfont!
Missing character: There is no c in font nullfont!
Missing character: There is no o in font nullfont!
Missing character: There is no l in font nullfont!
Missing character: There is no u in font nullfont!
Missing character: There is no m in font nullfont!
Missing character: There is no n in font nullfont!
Missing character: There is no s in font nullfont!
Missing character: There is no i in font nullfont!
Missing character: There is no n in font nullfont!
Missing character: There is no . in font nullfont!
Missing character: There is no T in font nullfont!
Missing character: There is no h in font nullfont!
Missing character: There is no u in font nullfont!
Missing character: There is no s in font nullfont!
Missing character: There is no s in font nullfont!
Missing character: There is no u in font nullfont!
Missing character: There is no b in font nullfont!
Missing character: There is no s in font nullfont!
Missing character: There is no t in font nullfont!
Missing character: There is no i in font nullfont!
Missing character: There is no t in font nullfont!
Missing character: There is no u in font nullfont!
Missing character: There is no t in font nullfont!
Missing character: There is no i in font nullfont!
Missing character: There is no n in font nullfont!
Missing character: There is no g in font nullfont!
Missing character: There is no i in font nullfont!
Missing character: There is no n in font nullfont!
Missing character: There is no t in font nullfont!
Missing character: There is no o in font nullfont!
Missing character: There is no t in font nullfont!
Missing character: There is no h in font nullfont!
Missing character: There is no e in font nullfont!
Missing character: There is no R in font nullfont!
Missing character: There is no H in font nullfont!
Missing character: There is no S in font nullfont!
Missing character: There is no o in font nullfont!
Missing character: There is no f in font nullfont!
Missing character: There is no e in font nullfont!
Missing character: There is no q in font nullfont!
Missing character: There is no u in font nullfont!
Missing character: There is no a in font nullfont!
Missing character: There is no t in font nullfont!
Missing character: There is no i in font nullfont!
Missing character: There is no o in font nullfont!
Missing character: There is no n in font nullfont!
Missing character: There is no ( in font nullfont!
./problem_3.tex:23: Undefined control sequence.
<write> ...ning: Reference `3_1' on page \thepage 
                                                  \space undefined\on@line .
l.23 ...U a_j$ into the RHS of equation (\ref{3_1}
                                                  ) yields the following
The control sequence at the end of the top line
of your error message was never \def'ed. If you have
misspelled it (e.g., `\hobx'), type `I' and the correct
spelling (e.g., `I\hbox'). Otherwise just continue,
and I'll forget about whatever was undefined.


LaTeX Warning: Reference `3_1' on page  undefined on input line 23.

Missing character: There is no ) in font nullfont!
Missing character: There is no y in font nullfont!
Missing character: There is no i in font nullfont!
Missing character: There is no e in font nullfont!
Missing character: There is no l in font nullfont!
Missing character: There is no d in font nullfont!
Missing character: There is no s in font nullfont!
Missing character: There is no t in font nullfont!
Missing character: There is no h in font nullfont!
Missing character: There is no e in font nullfont!
Missing character: There is no f in font nullfont!
Missing character: There is no o in font nullfont!
Missing character: There is no l in font nullfont!
Missing character: There is no l in font nullfont!
Missing character: There is no o in font nullfont!
Missing character: There is no w in font nullfont!
Missing character: There is no i in font nullfont!
Missing character: There is no n in font nullfont!
Missing character: There is no g in font nullfont!

Overfull \hbox (20.0pt too wide) in paragraph at lines 23--24
[]
 []


Overfull \hbox (16.07635pt too wide) in paragraph at lines 23--24
\OML/cmm/m/it/10 k \OMS/cmsy/m/n/10 ^^T
 []


Overfull \hbox (5.20486pt too wide) in paragraph at lines 23--24
\OML/cmm/m/it/10 d$
 []


Overfull \hbox (7.91803pt too wide) in paragraph at lines 23--24
\OML/cmm/m/it/10 U$
 []


Overfull \hbox (32.72977pt too wide) in paragraph at lines 23--24
\OML/cmm/m/it/10 w[];  j \OT1/cmr/m/n/10 =
 []


Overfull \hbox (27.74304pt too wide) in paragraph at lines 23--24
\OT1/cmr/m/n/10 1\OML/cmm/m/it/10 ; :::; k$
 []


Overfull \hbox (7.91803pt too wide) in paragraph at lines 23--24
\OML/cmm/m/it/10 U$
 []


Overfull \hbox (21.92824pt too wide) in paragraph at lines 23--24
\OML/cmm/m/it/10 w[] \OT1/cmr/m/n/10 =
 []


Overfull \hbox (17.41748pt too wide) in paragraph at lines 23--24
\OML/cmm/m/it/10 Ua[]$
 []


Overfull \hbox (10.86105pt too wide) in paragraph at lines 23--24
[]
 []


./problem_3.tex:25: LaTeX Error: Environment align undefined.

See the LaTeX manual or LaTeX Companion for explanation.
Type  H <return>  for immediate help.
 ...                                              
                                                  
l.25 \begin{align}
                  
Your command was ignored.
Type  I <command> <return>  to replace it with another command,
or  <return>  to continue without it.

./problem_3.tex:26: Misplaced alignment tab character &.
l.26   &
         \max_{w_j, j = 1,..., k} \sum_{i = 1}^d\sum_{i = 1}^k\sigma_i^2 u_i...
I can't figure out why you would want to use a tab mark
here. If you just want an ampersand, the remedy is
simple: Just type `I\&' now. But if some right brace
up above has ended a previous alignment prematurely,
you're probably due for more error messages, and you
might try typing `S' now just to see what is salvageable.

./problem_3.tex:26: Missing $ inserted.
<inserted text> 
                $
l.26   & \max
             _{w_j, j = 1,..., k} \sum_{i = 1}^d\sum_{i = 1}^k\sigma_i^2 u_i...
I've inserted a begin-math/end-math symbol since I think
you left one out. Proceed, with fingers crossed.


./problem_3.tex:26: LaTeX Error: Missing \begin{document}.

See the LaTeX manual or LaTeX Companion for explanation.
Type  H <return>  for immediate help.
 ...                                              
                                                  
l.26   & \max
             _{w_j, j = 1,..., k} \sum_{i = 1}^d\sum_{i = 1}^k\sigma_i^2 u_i...
You're in trouble here.  Try typing  <return>  to proceed.
If that doesn't work, type  X <return>  to quit.

./problem_3.tex:27: Misplaced alignment tab character &.
<recently read> &
                 
l.27   &
         = \max_{a_j, j = 1,..., k} \sum_{i = 1}^d\sum_{i = 1}^k\sigma_i^2 e...
I can't figure out why you would want to use a tab mark
here. If you just want an ampersand, the remedy is
simple: Just type `I\&' now. But if some right brace
up above has ended a previous alignment prematurely,
you're probably due for more error messages, and you
might try typing `S' now just to see what is salvageable.


./problem_3.tex:28: LaTeX Error: \begin{document} ended by \end{align}.

See the LaTeX manual or LaTeX Companion for explanation.
Type  H <return>  for immediate help.
 ...                                              
                                                  
l.28 \end{align}
                
Your command was ignored.
Type  I <command> <return>  to replace it with another command,
or  <return>  to continue without it.

./problem_3.tex:28: Missing $ inserted.
<inserted text> 
                $
l.28 \end{align}
                
I've inserted something that you may have forgotten.
(See the <inserted text> above.)
With luck, this will get me unwedged. But if you
really didn't forget anything, try typing `2' now; then
my insertion and my current dilemma will both disappear.

)
! Emergency stop.
<*> problem_3.tex
                 
*** (job aborted, no legal \end found)

 
Here is how much of TeX's memory you used:
 13 strings out of 492616
 205 string characters out of 6129482
 62569 words of memory out of 5000000
 4032 multiletter control sequences out of 15000+600000
 3948 words of font info for 15 fonts, out of 8000000 for 9000
 1141 hyphenation exceptions out of 8191
 18i,6n,14p,337b,89s stack positions out of 5000i,500n,10000p,200000b,80000s
!  ==> Fatal error occurred, no output PDF file produced!
